Determining if the function log exists failed with the following output:
Change Dir: /home/ubuntu/step6/MathFunctions/CMakeFiles/CMakeTmp

Run Build Command:/usr/bin/make "cmTryCompileExec3870986653/fast"
/usr/bin/make -f CMakeFiles/cmTryCompileExec3870986653.dir/build.make CMakeFiles/cmTryCompileExec3870986653.dir/build
make[1]: Entering directory `/home/ubuntu/step6/MathFunctions/CMakeFiles/CMakeTmp'
/usr/bin/cmake -E cmake_progress_report /home/ubuntu/step6/MathFunctions/CMakeFiles/CMakeTmp/CMakeFiles 1
Building C object CMakeFiles/cmTryCompileExec3870986653.dir/CheckFunctionExists.c.o
/usr/bin/cc   -DCHECK_FUNCTION_EXISTS=log   -o CMakeFiles/cmTryCompileExec3870986653.dir/CheckFunctionExists.c.o   -c /usr/share/cmake-2.8/Modules/CheckFunctionExists.c
<command-line>:0:23: warning: conflicting types for built-in function ‘log’ [enabled by default]
/usr/share/cmake-2.8/Modules/CheckFunctionExists.c:3:6: note: in expansion of macro ‘CHECK_FUNCTION_EXISTS’
 char CHECK_FUNCTION_EXISTS();
      ^
Linking C executable cmTryCompileExec3870986653
/usr/bin/cmake -E cmake_link_script CMakeFiles/cmTryCompileExec3870986653.dir/link.txt --verbose=1
/usr/bin/cc   -DCHECK_FUNCTION_EXISTS=log    CMakeFiles/cmTryCompileExec3870986653.dir/CheckFunctionExists.c.o  -o cmTryCompileExec3870986653 -rdynamic 
CMakeFiles/cmTryCompileExec3870986653.dir/CheckFunctionExists.c.o: In function `main':
CheckFunctionExists.c:(.text+0x15): undefined reference to `log'
collect2: error: ld returned 1 exit status
make[1]: Leaving directory `/home/ubuntu/step6/MathFunctions/CMakeFiles/CMakeTmp'
make[1]: *** [cmTryCompileExec3870986653] Error 1
make: *** [cmTryCompileExec3870986653/fast] Error 2


Determining if the function exp exists failed with the following output:
Change Dir: /home/ubuntu/step6/MathFunctions/CMakeFiles/CMakeTmp

Run Build Command:/usr/bin/make "cmTryCompileExec3603336583/fast"
/usr/bin/make -f CMakeFiles/cmTryCompileExec3603336583.dir/build.make CMakeFiles/cmTryCompileExec3603336583.dir/build
make[1]: Entering directory `/home/ubuntu/step6/MathFunctions/CMakeFiles/CMakeTmp'
/usr/bin/cmake -E cmake_progress_report /home/ubuntu/step6/MathFunctions/CMakeFiles/CMakeTmp/CMakeFiles 1
Building C object CMakeFiles/cmTryCompileExec3603336583.dir/CheckFunctionExists.c.o
/usr/bin/cc   -DCHECK_FUNCTION_EXISTS=exp   -o CMakeFiles/cmTryCompileExec3603336583.dir/CheckFunctionExists.c.o   -c /usr/share/cmake-2.8/Modules/CheckFunctionExists.c
<command-line>:0:23: warning: conflicting types for built-in function ‘exp’ [enabled by default]
/usr/share/cmake-2.8/Modules/CheckFunctionExists.c:3:6: note: in expansion of macro ‘CHECK_FUNCTION_EXISTS’
 char CHECK_FUNCTION_EXISTS();
      ^
Linking C executable cmTryCompileExec3603336583
/usr/bin/cmake -E cmake_link_script CMakeFiles/cmTryCompileExec3603336583.dir/link.txt --verbose=1
/usr/bin/cc   -DCHECK_FUNCTION_EXISTS=exp    CMakeFiles/cmTryCompileExec3603336583.dir/CheckFunctionExists.c.o  -o cmTryCompileExec3603336583 -rdynamic 
CMakeFiles/cmTryCompileExec3603336583.dir/CheckFunctionExists.c.o: In function `main':
CheckFunctionExists.c:(.text+0x15): undefined reference to `exp'
collect2: error: ld returned 1 exit status
make[1]: Leaving directory `/home/ubuntu/step6/MathFunctions/CMakeFiles/CMakeTmp'
make[1]: *** [cmTryCompileExec3603336583] Error 1
make: *** [cmTryCompileExec3603336583/fast] Error 2


